2024-11-28T09:08:45.250Z
Error: getaddrinfo ENOTFOUND database
    at createConnection (C:\Users\natha\AppData\Roaming\npm\node_modules\@dbml\cli\node_modules\mysql2\promise.js:253:31)
    at connectMySQL (C:\Users\natha\AppData\Roaming\npm\node_modules\@dbml\cli\node_modules\@dbml\connector\dist\connectors\mysqlConnector.js:8:57)
    at fetchSchemaJson (C:\Users\natha\AppData\Roaming\npm\node_modules\@dbml\cli\node_modules\@dbml\connector\dist\connectors\mysqlConnector.js:366:26)
    at Object.fetchSchemaJson (C:\Users\natha\AppData\Roaming\npm\node_modules\@dbml\cli\node_modules\@dbml\connector\dist\connectors\connector.js:16:57)
    at connectionHandler (C:\Users\natha\AppData\Roaming\npm\node_modules\@dbml\cli\lib\cli\connector.js:24:51)
    at Object.db2dbml (C:\Users\natha\AppData\Roaming\npm\node_modules\@dbml\cli\lib\cli\index.js:62:26)
    at Object.<anonymous> (C:\Users\natha\AppData\Roaming\npm\node_modules\@dbml\cli\bin\db2dbml.js:4:19)
    at Module._compile (node:internal/modules/cjs/loader:1469:14)
    at Module._extensions..js (node:internal/modules/cjs/loader:1548:10)
    at Module.load (node:internal/modules/cjs/loader:1288:32)

2024-12-03T09:17:13.604Z
Error: getaddrinfo ENOTFOUND database
    at createConnectionPromise (C:\Users\natha\AppData\Roaming\npm\node_modules\@dbml\cli\node_modules\mysql2\promise.js:18:31)
    at connectMySQL (C:\Users\natha\AppData\Roaming\npm\node_modules\@dbml\cli\node_modules\@dbml\connector\dist\connectors\mysqlConnector.js:8:57)
    at fetchSchemaJson (C:\Users\natha\AppData\Roaming\npm\node_modules\@dbml\cli\node_modules\@dbml\connector\dist\connectors\mysqlConnector.js:366:26)
    at Object.fetchSchemaJson (C:\Users\natha\AppData\Roaming\npm\node_modules\@dbml\cli\node_modules\@dbml\connector\dist\connectors\connector.js:16:57)
    at connectionHandler (C:\Users\natha\AppData\Roaming\npm\node_modules\@dbml\cli\lib\cli\connector.js:24:51)
    at Object.db2dbml (C:\Users\natha\AppData\Roaming\npm\node_modules\@dbml\cli\lib\cli\index.js:62:26)
    at Object.<anonymous> (C:\Users\natha\AppData\Roaming\npm\node_modules\@dbml\cli\bin\db2dbml.js:4:19)
    at Module._compile (node:internal/modules/cjs/loader:1469:14)
    at Module._extensions..js (node:internal/modules/cjs/loader:1548:10)
    at Module.load (node:internal/modules/cjs/loader:1288:32)

2024-12-03T09:41:35.123Z
Error: Cannot get schema name from the connection
    at fetchSchemaJson (C:\Users\natha\AppData\Roaming\npm\node_modules\@dbml\cli\node_modules\@dbml\connector\dist\connectors\mysqlConnector.js:370:15)
    at process.processTicksAndRejections (node:internal/process/task_queues:95:5)
    at async connectionHandler (C:\Users\natha\AppData\Roaming\npm\node_modules\@dbml\cli\lib\cli\connector.js:24:24)

